# JRE version: OpenJDK Runtime Environment (17.0.8.1+1) (build 17.0.8.1+1-LTS)
# Java VM: OpenJDK 64-Bit Server VM (17.0.8.1+1-LTS, mixed mode, sharing, tiered, compressed oops, compressed class ptrs, g1 gc, windows-amd64)
GC Precious Log:
 CPUs: 16 total, 16 available
 Memory: 14197M
 Large Page Support: Disabled
 NUMA Support: Disabled
 Compressed Oops: Enabled (Zero based)
 Heap Region Size: 2M
 Heap Min Capacity: 8M
 Heap Initial Capacity: 222M
 Heap Max Capacity: 3G
 Pre-touch: Disabled
 Parallel Workers: 13
 Concurrent Workers: 3
 Concurrent Refinement Workers: 13
 Periodic GC: Disabled
Heap:
 garbage-first heap   total 450560K, used 205113K [0x0000000740000000, 0x0000000800000000)
  region size 2048K, 2 young (4096K), 2 survivors (4096K)
 Metaspace       used 64953K, committed 65728K, reserved 1114112K
  class space    used 9053K, committed 9408K, reserved 1048576K
GC Heap History (20 events):
Event: 20.250 GC heap after
{Heap after GC invocations=36 (full 0):
 garbage-first heap   total 145408K, used 63911K [0x0000000740000000, 0x0000000800000000)
  region size 2048K, 1 young (2048K), 1 survivors (2048K)
 Metaspace       used 64647K, committed 65408K, reserved 1114112K
  class space    used 9025K, committed 9408K, reserved 1048576K
}
Event: 20.557 GC heap before
{Heap before GC invocations=37 (full 0):
 garbage-first heap   total 157696K, used 145831K [0x0000000740000000, 0x0000000800000000)
  region size 2048K, 25 young (51200K), 1 survivors (2048K)
 Metaspace       used 64771K, committed 65536K, reserved 1114112K
  class space    used 9035K, committed 9408K, reserved 1048576K
}
Event: 20.578 GC heap after
{Heap after GC invocations=38 (full 0):
 garbage-first heap   total 184320K, used 95599K [0x0000000740000000, 0x0000000800000000)
  region size 2048K, 4 young (8192K), 4 survivors (8192K)
 Metaspace       used 64771K, committed 65536K, reserved 1114112K
  class space    used 9035K, committed 9408K, reserved 1048576K
}
Event: 20.660 GC heap before
{Heap before GC invocations=38 (full 0):
 garbage-first heap   total 184320K, used 132463K [0x0000000740000000, 0x0000000800000000)
  region size 2048K, 22 young (45056K), 4 survivors (8192K)
 Metaspace       used 64777K, committed 65536K, reserved 1114112K
  class space    used 9035K, committed 9408K, reserved 1048576K
}
Event: 20.680 GC heap after
{Heap after GC invocations=39 (full 0):
 garbage-first heap   total 184320K, used 120282K [0x0000000740000000, 0x0000000800000000)
  region size 2048K, 3 young (6144K), 3 survivors (6144K)
 Metaspace       used 64777K, committed 65536K, reserved 1114112K
  class space    used 9035K, committed 9408K, reserved 1048576K
}
Event: 20.734 GC heap before
{Heap before GC invocations=39 (full 0):
 garbage-first heap   total 184320K, used 140762K [0x0000000740000000, 0x0000000800000000)
  region size 2048K, 13 young (26624K), 3 survivors (6144K)
 Metaspace       used 64777K, committed 65536K, reserved 1114112K
  class space    used 9035K, committed 9408K, reserved 1048576K
}
Event: 20.747 GC heap after
{Heap after GC invocations=40 (full 0):
 garbage-first heap   total 184320K, used 135138K [0x0000000740000000, 0x0000000800000000)
  region size 2048K, 2 young (4096K), 2 survivors (4096K)
 Metaspace       used 64777K, committed 65536K, reserved 1114112K
  class space    used 9035K, committed 9408K, reserved 1048576K
}
Event: 20.775 GC heap before
{Heap before GC invocations=40 (full 0):
 garbage-first heap   total 184320K, used 147426K [0x0000000740000000, 0x0000000800000000)
  region size 2048K, 8 young (16384K), 2 survivors (4096K)
 Metaspace       used 64777K, committed 65536K, reserved 1114112K
  class space    used 9035K, committed 9408K, reserved 1048576K
}
Event: 20.787 GC heap after
{Heap after GC invocations=41 (full 0):
 garbage-first heap   total 413696K, used 144121K [0x0000000740000000, 0x0000000800000000)
  region size 2048K, 1 young (2048K), 1 survivors (2048K)
 Metaspace       used 64777K, committed 65536K, reserved 1114112K
  class space    used 9035K, committed 9408K, reserved 1048576K
}
Event: 21.391 GC heap before
{Heap before GC invocations=42 (full 0):
 garbage-first heap   total 413696K, used 254713K [0x0000000740000000, 0x0000000800000000)
  region size 2048K, 55 young (112640K), 1 survivors (2048K)
 Metaspace       used 64923K, committed 65664K, reserved 1114112K
  class space    used 9050K, committed 9408K, reserved 1048576K
}
Event: 21.444 GC heap after
{Heap after GC invocations=43 (full 0):
 garbage-first heap   total 413696K, used 199181K [0x0000000740000000, 0x0000000800000000)
  region size 2048K, 7 young (14336K), 7 survivors (14336K)
 Metaspace       used 64923K, committed 65664K, reserved 1114112K
  class space    used 9050K, committed 9408K, reserved 1048576K
}
Event: 21.470 GC heap before
{Heap before GC invocations=43 (full 0):
 garbage-first heap   total 413696K, used 205325K [0x0000000740000000, 0x0000000800000000)
  region size 2048K, 10 young (20480K), 7 survivors (14336K)
 Metaspace       used 64923K, committed 65664K, reserved 1114112K
  class space    used 9050K, committed 9408K, reserved 1048576K
}
Event: 21.507 GC heap after
{Heap after GC invocations=44 (full 0):
 garbage-first heap   total 413696K, used 205015K [0x0000000740000000, 0x0000000800000000)
  region size 2048K, 2 young (4096K), 2 survivors (4096K)
 Metaspace       used 64923K, committed 65664K, reserved 1114112K
  class space    used 9050K, committed 9408K, reserved 1048576K
}
Event: 21.757 GC heap before
{Heap before GC invocations=44 (full 0):
 garbage-first heap   total 413696K, used 280791K [0x0000000740000000, 0x0000000800000000)
  region size 2048K, 39 young (79872K), 2 survivors (4096K)
 Metaspace       used 64953K, committed 65728K, reserved 1114112K
  class space    used 9053K, committed 9408K, reserved 1048576K
}
Event: 21.775 GC heap after
{Heap after GC invocations=45 (full 0):
 garbage-first heap   total 413696K, used 227152K [0x0000000740000000, 0x0000000800000000)
  region size 2048K, 5 young (10240K), 5 survivors (10240K)
 Metaspace       used 64953K, committed 65728K, reserved 1114112K
  class space    used 9053K, committed 9408K, reserved 1048576K
}
Event: 22.259 GC heap before
{Heap before GC invocations=46 (full 0):
 garbage-first heap   total 450560K, used 294736K [0x0000000740000000, 0x0000000800000000)
  region size 2048K, 39 young (79872K), 5 survivors (10240K)
 Metaspace       used 64953K, committed 65728K, reserved 1114112K
  class space    used 9053K, committed 9408K, reserved 1048576K
}
Event: 22.276 GC heap after
{Heap after GC invocations=47 (full 0):
 garbage-first heap   total 450560K, used 237568K [0x0000000740000000, 0x0000000800000000)
  region size 2048K, 5 young (10240K), 5 survivors (10240K)
 Metaspace       used 64953K, committed 65728K, reserved 1114112K
  class space    used 9053K, committed 9408K, reserved 1048576K
}
Event: 22.313 GC heap before
{Heap before GC invocations=47 (full 0):
 garbage-first heap   total 450560K, used 249856K [0x0000000740000000, 0x0000000800000000)
  region size 2048K, 11 young (22528K), 5 survivors (10240K)
 Metaspace       used 64953K, committed 65728K, reserved 1114112K
  class space    used 9053K, committed 9408K, reserved 1048576K
}
Event: 22.335 GC heap after
{Heap after GC invocations=48 (full 0):
 garbage-first heap   total 450560K, used 209472K [0x0000000740000000, 0x0000000800000000)
  region size 2048K, 2 young (4096K), 2 survivors (4096K)
 Metaspace       used 64953K, committed 65728K, reserved 1114112K
  class space    used 9053K, committed 9408K, reserved 1048576K
}
Event: 22.378 GC heap before
{Heap before GC invocations=48 (full 0):
 garbage-first heap   total 450560K, used 227904K [0x0000000740000000, 0x0000000800000000)
  region size 2048K, 11 young (22528K), 2 survivors (4096K)
 Metaspace       used 64953K, committed 65728K, reserved 1114112K
  class space    used 9053K, committed 9408K, reserved 1048576K
}

