# JRE version: OpenJDK Runtime Environment (17.0.8.1+1) (build 17.0.8.1+1-LTS)
# Java VM: OpenJDK 64-Bit Server VM (17.0.8.1+1-LTS, mixed mode, sharing, tiered, compressed oops, compressed class ptrs, g1 gc, windows-amd64)
GC Precious Log:
 CPUs: 16 total, 16 available
 Memory: 14197M
 Large Page Support: Disabled
 NUMA Support: Disabled
 Compressed Oops: Enabled (Zero based)
 Heap Region Size: 2M
 Heap Min Capacity: 8M
 Heap Initial Capacity: 222M
 Heap Max Capacity: 3G
 Pre-touch: Disabled
 Parallel Workers: 13
 Concurrent Workers: 3
 Concurrent Refinement Workers: 13
 Periodic GC: Disabled
Heap:
 garbage-first heap   total 544768K, used 423951K [0x0000000740000000, 0x0000000800000000)
  region size 2048K, 100 young (204800K), 9 survivors (18432K)
 Metaspace       used 83037K, committed 83904K, reserved 1179648K
  class space    used 10849K, committed 11264K, reserved 1048576K
GC Heap History (20 events):
Event: 291.829 GC heap before
{Heap before GC invocations=47 (full 0):
 garbage-first heap   total 339968K, used 173392K [0x0000000740000000, 0x0000000800000000)
  region size 2048K, 11 young (22528K), 8 survivors (16384K)
 Metaspace       used 66945K, committed 67648K, reserved 1114112K
  class space    used 9125K, committed 9472K, reserved 1048576K
}
Event: 291.846 GC heap after
{Heap after GC invocations=48 (full 0):
 garbage-first heap   total 339968K, used 77977K [0x0000000740000000, 0x0000000800000000)
  region size 2048K, 5 young (10240K), 5 survivors (10240K)
 Metaspace       used 66945K, committed 67648K, reserved 1114112K
  class space    used 9125K, committed 9472K, reserved 1048576K
}
Event: 292.012 GC heap before
{Heap before GC invocations=48 (full 0):
 garbage-first heap   total 339968K, used 159897K [0x0000000740000000, 0x0000000800000000)
  region size 2048K, 9 young (18432K), 5 survivors (10240K)
 Metaspace       used 66946K, committed 67648K, reserved 1114112K
  class space    used 9125K, committed 9472K, reserved 1048576K
}
Event: 292.020 GC heap after
{Heap after GC invocations=49 (full 0):
 garbage-first heap   total 339968K, used 77000K [0x0000000740000000, 0x0000000800000000)
  region size 2048K, 4 young (8192K), 4 survivors (8192K)
 Metaspace       used 66946K, committed 67648K, reserved 1114112K
  class space    used 9125K, committed 9472K, reserved 1048576K
}
Event: 658.723 GC heap before
{Heap before GC invocations=49 (full 0):
 garbage-first heap   total 339968K, used 283848K [0x0000000740000000, 0x0000000800000000)
  region size 2048K, 67 young (137216K), 4 survivors (8192K)
 Metaspace       used 67582K, committed 68352K, reserved 1114112K
  class space    used 9171K, committed 9536K, reserved 1048576K
}
Event: 658.746 GC heap after
{Heap after GC invocations=50 (full 0):
 garbage-first heap   total 544768K, used 77069K [0x0000000740000000, 0x0000000800000000)
  region size 2048K, 4 young (8192K), 4 survivors (8192K)
 Metaspace       used 67582K, committed 68352K, reserved 1114112K
  class space    used 9171K, committed 9536K, reserved 1048576K
}
Event: 660.032 GC heap before
{Heap before GC invocations=50 (full 0):
 garbage-first heap   total 544768K, used 269581K [0x0000000740000000, 0x0000000800000000)
  region size 2048K, 15 young (30720K), 4 survivors (8192K)
 Metaspace       used 67669K, committed 68416K, reserved 1114112K
  class space    used 9173K, committed 9536K, reserved 1048576K
}
Event: 660.046 GC heap after
{Heap after GC invocations=51 (full 0):
 garbage-first heap   total 544768K, used 97663K [0x0000000740000000, 0x0000000800000000)
  region size 2048K, 5 young (10240K), 5 survivors (10240K)
 Metaspace       used 67669K, committed 68416K, reserved 1114112K
  class space    used 9173K, committed 9536K, reserved 1048576K
}
Event: 670.633 GC heap before
{Heap before GC invocations=51 (full 0):
 garbage-first heap   total 544768K, used 486783K [0x0000000740000000, 0x0000000800000000)
  region size 2048K, 159 young (325632K), 5 survivors (10240K)
 Metaspace       used 75360K, committed 76096K, reserved 1179648K
  class space    used 10116K, committed 10496K, reserved 1048576K
}
Event: 670.716 GC heap after
{Heap after GC invocations=52 (full 0):
 garbage-first heap   total 544768K, used 128429K [0x0000000740000000, 0x0000000800000000)
  region size 2048K, 20 young (40960K), 20 survivors (40960K)
 Metaspace       used 75360K, committed 76096K, reserved 1179648K
  class space    used 10116K, committed 10496K, reserved 1048576K
}
Event: 676.933 GC heap before
{Heap before GC invocations=52 (full 0):
 garbage-first heap   total 544768K, used 396717K [0x0000000740000000, 0x0000000800000000)
  region size 2048K, 150 young (307200K), 20 survivors (40960K)
 Metaspace       used 78299K, committed 79104K, reserved 1179648K
  class space    used 10414K, committed 10816K, reserved 1048576K
}
Event: 677.101 GC heap after
{Heap after GC invocations=53 (full 0):
 garbage-first heap   total 544768K, used 185167K [0x0000000740000000, 0x0000000800000000)
  region size 2048K, 19 young (38912K), 19 survivors (38912K)
 Metaspace       used 78299K, committed 79104K, reserved 1179648K
  class space    used 10414K, committed 10816K, reserved 1048576K
}
Event: 679.356 GC heap before
{Heap before GC invocations=53 (full 0):
 garbage-first heap   total 544768K, used 404303K [0x0000000740000000, 0x0000000800000000)
  region size 2048K, 126 young (258048K), 19 survivors (38912K)
 Metaspace       used 79017K, committed 79808K, reserved 1179648K
  class space    used 10501K, committed 10880K, reserved 1048576K
}
Event: 679.446 GC heap after
{Heap after GC invocations=54 (full 0):
 garbage-first heap   total 544768K, used 221765K [0x0000000740000000, 0x0000000800000000)
  region size 2048K, 16 young (32768K), 16 survivors (32768K)
 Metaspace       used 79017K, committed 79808K, reserved 1179648K
  class space    used 10501K, committed 10880K, reserved 1048576K
}
Event: 685.733 GC heap before
{Heap before GC invocations=54 (full 0):
 garbage-first heap   total 544768K, used 414277K [0x0000000740000000, 0x0000000800000000)
  region size 2048K, 110 young (225280K), 16 survivors (32768K)
 Metaspace       used 81703K, committed 82560K, reserved 1179648K
  class space    used 10742K, committed 11200K, reserved 1048576K
}
Event: 685.778 GC heap after
{Heap after GC invocations=55 (full 0):
 garbage-first heap   total 544768K, used 232467K [0x0000000740000000, 0x0000000800000000)
  region size 2048K, 5 young (10240K), 5 survivors (10240K)
 Metaspace       used 81703K, committed 82560K, reserved 1179648K
  class space    used 10742K, committed 11200K, reserved 1048576K
}
Event: 692.395 GC heap before
{Heap before GC invocations=55 (full 0):
 garbage-first heap   total 544768K, used 427027K [0x0000000740000000, 0x0000000800000000)
  region size 2048K, 100 young (204800K), 5 survivors (10240K)
 Metaspace       used 82102K, committed 82944K, reserved 1179648K
  class space    used 10760K, committed 11200K, reserved 1048576K
}
Event: 692.417 GC heap after
{Heap after GC invocations=56 (full 0):
 garbage-first heap   total 544768K, used 235226K [0x0000000740000000, 0x0000000800000000)
  region size 2048K, 7 young (14336K), 7 survivors (14336K)
 Metaspace       used 82102K, committed 82944K, reserved 1179648K
  class space    used 10760K, committed 11200K, reserved 1048576K
}
Event: 695.469 GC heap before
{Heap before GC invocations=56 (full 0):
 garbage-first heap   total 544768K, used 433882K [0x0000000740000000, 0x0000000800000000)
  region size 2048K, 104 young (212992K), 7 survivors (14336K)
 Metaspace       used 82305K, committed 83136K, reserved 1179648K
  class space    used 10764K, committed 11200K, reserved 1048576K
}
Event: 695.492 GC heap after
{Heap after GC invocations=57 (full 0):
 garbage-first heap   total 544768K, used 239631K [0x0000000740000000, 0x0000000800000000)
  region size 2048K, 9 young (18432K), 9 survivors (18432K)
 Metaspace       used 82305K, committed 83136K, reserved 1179648K
  class space    used 10764K, committed 11200K, reserved 1048576K
}

