# JRE version: OpenJDK Runtime Environment (17.0.8.1+1) (build 17.0.8.1+1-LTS)
# Java VM: OpenJDK 64-Bit Server VM (17.0.8.1+1-LTS, mixed mode, sharing, tiered, compressed oops, compressed class ptrs, g1 gc, windows-amd64)
GC Precious Log:
 CPUs: 16 total, 16 available
 Memory: 14197M
 Large Page Support: Disabled
 NUMA Support: Disabled
 Compressed Oops: Enabled (Zero based)
 Heap Region Size: 2M
 Heap Min Capacity: 8M
 Heap Initial Capacity: 222M
 Heap Max Capacity: 3G
 Pre-touch: Disabled
 Parallel Workers: 13
 Concurrent Workers: 3
 Concurrent Refinement Workers: 13
 Periodic GC: Disabled
Heap:
 garbage-first heap   total 428032K, used 232690K [0x0000000740000000, 0x0000000800000000)
  region size 2048K, 2 young (4096K), 2 survivors (4096K)
 Metaspace       used 65827K, committed 66624K, reserved 1114112K
  class space    used 9107K, committed 9472K, reserved 1048576K
GC Heap History (20 events):
Event: 48.919 GC heap after
{Heap after GC invocations=38 (full 0):
 garbage-first heap   total 169984K, used 57806K [0x0000000740000000, 0x0000000800000000)
  region size 2048K, 2 young (4096K), 2 survivors (4096K)
 Metaspace       used 61263K, committed 61888K, reserved 1114112K
  class space    used 8372K, committed 8640K, reserved 1048576K
}
Event: 51.697 GC heap before
{Heap before GC invocations=38 (full 0):
 garbage-first heap   total 169984K, used 154062K [0x0000000740000000, 0x0000000800000000)
  region size 2048K, 40 young (81920K), 2 survivors (4096K)
 Metaspace       used 64938K, committed 65664K, reserved 1114112K
  class space    used 9052K, committed 9408K, reserved 1048576K
}
Event: 51.710 GC heap after
{Heap after GC invocations=39 (full 0):
 garbage-first heap   total 169984K, used 65266K [0x0000000740000000, 0x0000000800000000)
  region size 2048K, 6 young (12288K), 6 survivors (12288K)
 Metaspace       used 64938K, committed 65664K, reserved 1114112K
  class space    used 9052K, committed 9408K, reserved 1048576K
}
Event: 52.082 GC heap before
{Heap before GC invocations=39 (full 0):
 garbage-first heap   total 169984K, used 87794K [0x0000000740000000, 0x0000000800000000)
  region size 2048K, 8 young (16384K), 6 survivors (12288K)
 Metaspace       used 64947K, committed 65664K, reserved 1114112K
  class space    used 9053K, committed 9408K, reserved 1048576K
}
Event: 52.090 GC heap after
{Heap after GC invocations=40 (full 0):
 garbage-first heap   total 169984K, used 66376K [0x0000000740000000, 0x0000000800000000)
  region size 2048K, 1 young (2048K), 1 survivors (2048K)
 Metaspace       used 64947K, committed 65664K, reserved 1114112K
  class space    used 9053K, committed 9408K, reserved 1048576K
}
Event: 52.163 GC heap before
{Heap before GC invocations=40 (full 0):
 garbage-first heap   total 169984K, used 80712K [0x0000000740000000, 0x0000000800000000)
  region size 2048K, 2 young (4096K), 1 survivors (2048K)
 Metaspace       used 64951K, committed 65664K, reserved 1114112K
  class space    used 9053K, committed 9408K, reserved 1048576K
}
Event: 52.164 GC heap after
{Heap after GC invocations=41 (full 0):
 garbage-first heap   total 169984K, used 65417K [0x0000000740000000, 0x0000000800000000)
  region size 2048K, 1 young (2048K), 1 survivors (2048K)
 Metaspace       used 64951K, committed 65664K, reserved 1114112K
  class space    used 9053K, committed 9408K, reserved 1048576K
}
Event: 52.206 GC heap before
{Heap before GC invocations=41 (full 0):
 garbage-first heap   total 169984K, used 73609K [0x0000000740000000, 0x0000000800000000)
  region size 2048K, 2 young (4096K), 1 survivors (2048K)
 Metaspace       used 65040K, committed 65792K, reserved 1114112K
  class space    used 9053K, committed 9408K, reserved 1048576K
}
Event: 52.210 GC heap after
{Heap after GC invocations=42 (full 0):
 garbage-first heap   total 299008K, used 65142K [0x0000000740000000, 0x0000000800000000)
  region size 2048K, 1 young (2048K), 1 survivors (2048K)
 Metaspace       used 65040K, committed 65792K, reserved 1114112K
  class space    used 9053K, committed 9408K, reserved 1048576K
}
Event: 52.459 GC heap before
{Heap before GC invocations=42 (full 0):
 garbage-first heap   total 299008K, used 145014K [0x0000000740000000, 0x0000000800000000)
  region size 2048K, 9 young (18432K), 1 survivors (2048K)
 Metaspace       used 65258K, committed 65984K, reserved 1114112K
  class space    used 9054K, committed 9408K, reserved 1048576K
}
Event: 52.463 GC heap after
{Heap after GC invocations=43 (full 0):
 garbage-first heap   total 299008K, used 80127K [0x0000000740000000, 0x0000000800000000)
  region size 2048K, 1 young (2048K), 1 survivors (2048K)
 Metaspace       used 65258K, committed 65984K, reserved 1114112K
  class space    used 9054K, committed 9408K, reserved 1048576K
}
Event: 55.190 GC heap before
{Heap before GC invocations=43 (full 0):
 garbage-first heap   total 299008K, used 286975K [0x0000000740000000, 0x0000000800000000)
  region size 2048K, 85 young (174080K), 1 survivors (2048K)
 Metaspace       used 65649K, committed 66368K, reserved 1114112K
  class space    used 9089K, committed 9472K, reserved 1048576K
}
Event: 55.279 GC heap after
{Heap after GC invocations=44 (full 0):
 garbage-first heap   total 358400K, used 129881K [0x0000000740000000, 0x0000000800000000)
  region size 2048K, 11 young (22528K), 11 survivors (22528K)
 Metaspace       used 65649K, committed 66368K, reserved 1114112K
  class space    used 9089K, committed 9472K, reserved 1048576K
}
Event: 55.911 GC heap before
{Heap before GC invocations=44 (full 0):
 garbage-first heap   total 358400K, used 248665K [0x0000000740000000, 0x0000000800000000)
  region size 2048K, 69 young (141312K), 11 survivors (22528K)
 Metaspace       used 65804K, committed 66560K, reserved 1114112K
  class space    used 9105K, committed 9472K, reserved 1048576K
}
Event: 55.999 GC heap after
{Heap after GC invocations=45 (full 0):
 garbage-first heap   total 358400K, used 190320K [0x0000000740000000, 0x0000000800000000)
  region size 2048K, 9 young (18432K), 9 survivors (18432K)
 Metaspace       used 65804K, committed 66560K, reserved 1114112K
  class space    used 9105K, committed 9472K, reserved 1048576K
}
Event: 56.405 GC heap before
{Heap before GC invocations=45 (full 0):
 garbage-first heap   total 358400K, used 255856K [0x0000000740000000, 0x0000000800000000)
  region size 2048K, 41 young (83968K), 9 survivors (18432K)
 Metaspace       used 65804K, committed 66560K, reserved 1114112K
  class space    used 9105K, committed 9472K, reserved 1048576K
}
Event: 56.450 GC heap after
{Heap after GC invocations=46 (full 0):
 garbage-first heap   total 358400K, used 214896K [0x0000000740000000, 0x0000000800000000)
  region size 2048K, 6 young (12288K), 6 survivors (12288K)
 Metaspace       used 65804K, committed 66560K, reserved 1114112K
  class space    used 9105K, committed 9472K, reserved 1048576K
}
Event: 57.114 GC heap before
{Heap before GC invocations=47 (full 0):
 garbage-first heap   total 428032K, used 270192K [0x0000000740000000, 0x0000000800000000)
  region size 2048K, 33 young (67584K), 6 survivors (12288K)
 Metaspace       used 65827K, committed 66624K, reserved 1114112K
  class space    used 9107K, committed 9472K, reserved 1048576K
}
Event: 57.137 GC heap after
{Heap after GC invocations=48 (full 0):
 garbage-first heap   total 428032K, used 230783K [0x0000000740000000, 0x0000000800000000)
  region size 2048K, 5 young (10240K), 5 survivors (10240K)
 Metaspace       used 65827K, committed 66624K, reserved 1114112K
  class space    used 9107K, committed 9472K, reserved 1048576K
}
Event: 57.205 GC heap before
{Heap before GC invocations=48 (full 0):
 garbage-first heap   total 428032K, used 241023K [0x0000000740000000, 0x0000000800000000)
  region size 2048K, 10 young (20480K), 5 survivors (10240K)
 Metaspace       used 65827K, committed 66624K, reserved 1114112K
  class space    used 9107K, committed 9472K, reserved 1048576K
}

