# JRE version: OpenJDK Runtime Environment (17.0.8.1+1) (build 17.0.8.1+1-LTS)
# Java VM: OpenJDK 64-Bit Server VM (17.0.8.1+1-LTS, mixed mode, sharing, tiered, compressed oops, compressed class ptrs, g1 gc, windows-amd64)
GC Precious Log:
 CPUs: 16 total, 16 available
 Memory: 14197M
 Large Page Support: Disabled
 NUMA Support: Disabled
 Compressed Oops: Enabled (Zero based)
 Heap Region Size: 2M
 Heap Min Capacity: 8M
 Heap Initial Capacity: 222M
 Heap Max Capacity: 3G
 Pre-touch: Disabled
 Parallel Workers: 13
 Concurrent Workers: 3
 Concurrent Refinement Workers: 13
 Periodic GC: Disabled
Heap:
 garbage-first heap   total 712704K, used 402343K [0x0000000740000000, 0x0000000800000000)
  region size 2048K, 3 young (6144K), 3 survivors (6144K)
 Metaspace       used 72638K, committed 73344K, reserved 1114112K
  class space    used 10044K, committed 10304K, reserved 1048576K
GC Heap History (20 events):
Event: 32.250 GC heap after
{Heap after GC invocations=41 (full 0):
 garbage-first heap   total 286720K, used 66397K [0x0000000740000000, 0x0000000800000000)
  region size 2048K, 3 young (6144K), 3 survivors (6144K)
 Metaspace       used 68928K, committed 69568K, reserved 1114112K
  class space    used 9358K, committed 9664K, reserved 1048576K
}
Event: 34.261 GC heap before
{Heap before GC invocations=41 (full 0):
 garbage-first heap   total 286720K, used 258909K [0x0000000740000000, 0x0000000800000000)
  region size 2048K, 84 young (172032K), 3 survivors (6144K)
 Metaspace       used 72332K, committed 73024K, reserved 1114112K
  class space    used 10010K, committed 10304K, reserved 1048576K
}
Event: 34.362 GC heap after
{Heap after GC invocations=42 (full 0):
 garbage-first heap   total 339968K, used 139094K [0x0000000740000000, 0x0000000800000000)
  region size 2048K, 11 young (22528K), 11 survivors (22528K)
 Metaspace       used 72332K, committed 73024K, reserved 1114112K
  class space    used 10010K, committed 10304K, reserved 1048576K
}
Event: 34.671 GC heap before
{Heap before GC invocations=42 (full 0):
 garbage-first heap   total 339968K, used 237398K [0x0000000740000000, 0x0000000800000000)
  region size 2048K, 55 young (112640K), 11 survivors (22528K)
 Metaspace       used 72464K, committed 73152K, reserved 1114112K
  class space    used 10023K, committed 10304K, reserved 1048576K
}
Event: 34.730 GC heap after
{Heap after GC invocations=43 (full 0):
 garbage-first heap   total 339968K, used 192343K [0x0000000740000000, 0x0000000800000000)
  region size 2048K, 7 young (14336K), 7 survivors (14336K)
 Metaspace       used 72464K, committed 73152K, reserved 1114112K
  class space    used 10023K, committed 10304K, reserved 1048576K
}
Event: 34.931 GC heap before
{Heap before GC invocations=43 (full 0):
 garbage-first heap   total 339968K, used 243543K [0x0000000740000000, 0x0000000800000000)
  region size 2048K, 32 young (65536K), 7 survivors (14336K)
 Metaspace       used 72467K, committed 73152K, reserved 1114112K
  class space    used 10023K, committed 10304K, reserved 1048576K
}
Event: 34.962 GC heap after
{Heap after GC invocations=44 (full 0):
 garbage-first heap   total 339968K, used 217913K [0x0000000740000000, 0x0000000800000000)
  region size 2048K, 4 young (8192K), 4 survivors (8192K)
 Metaspace       used 72467K, committed 73152K, reserved 1114112K
  class space    used 10023K, committed 10304K, reserved 1048576K
}
Event: 35.105 GC heap before
{Heap before GC invocations=44 (full 0):
 garbage-first heap   total 339968K, used 258873K [0x0000000740000000, 0x0000000800000000)
  region size 2048K, 24 young (49152K), 4 survivors (8192K)
 Metaspace       used 72467K, committed 73152K, reserved 1114112K
  class space    used 10023K, committed 10304K, reserved 1048576K
}
Event: 35.122 GC heap after
{Heap after GC invocations=45 (full 0):
 garbage-first heap   total 712704K, used 229887K [0x0000000740000000, 0x0000000800000000)
  region size 2048K, 3 young (6144K), 3 survivors (6144K)
 Metaspace       used 72467K, committed 73152K, reserved 1114112K
  class space    used 10023K, committed 10304K, reserved 1048576K
}
Event: 35.481 GC heap before
{Heap before GC invocations=46 (full 0):
 garbage-first heap   total 712704K, used 406015K [0x0000000740000000, 0x0000000800000000)
  region size 2048K, 89 young (182272K), 3 survivors (6144K)
 Metaspace       used 72471K, committed 73152K, reserved 1114112K
  class space    used 10023K, committed 10304K, reserved 1048576K
}
Event: 35.506 GC heap after
{Heap after GC invocations=47 (full 0):
 garbage-first heap   total 712704K, used 270336K [0x0000000740000000, 0x0000000800000000)
  region size 2048K, 12 young (24576K), 12 survivors (24576K)
 Metaspace       used 72471K, committed 73152K, reserved 1114112K
  class space    used 10023K, committed 10304K, reserved 1048576K
}
Event: 35.515 GC heap before
{Heap before GC invocations=47 (full 0):
 garbage-first heap   total 712704K, used 280576K [0x0000000740000000, 0x0000000800000000)
  region size 2048K, 17 young (34816K), 12 survivors (24576K)
 Metaspace       used 72471K, committed 73152K, reserved 1114112K
  class space    used 10023K, committed 10304K, reserved 1048576K
}
Event: 35.526 GC heap after
{Heap after GC invocations=48 (full 0):
 garbage-first heap   total 712704K, used 274235K [0x0000000740000000, 0x0000000800000000)
  region size 2048K, 2 young (4096K), 2 survivors (4096K)
 Metaspace       used 72471K, committed 73152K, reserved 1114112K
  class space    used 10023K, committed 10304K, reserved 1048576K
}
Event: 36.126 GC heap before
{Heap before GC invocations=48 (full 0):
 garbage-first heap   total 712704K, used 448315K [0x0000000740000000, 0x0000000800000000)
  region size 2048K, 87 young (178176K), 2 survivors (4096K)
 Metaspace       used 72517K, committed 73152K, reserved 1114112K
  class space    used 10030K, committed 10304K, reserved 1048576K
}
Event: 36.190 GC heap after
{Heap after GC invocations=49 (full 0):
 garbage-first heap   total 712704K, used 346835K [0x0000000740000000, 0x0000000800000000)
  region size 2048K, 11 young (22528K), 11 survivors (22528K)
 Metaspace       used 72517K, committed 73152K, reserved 1114112K
  class space    used 10030K, committed 10304K, reserved 1048576K
}
Event: 36.763 GC heap before
{Heap before GC invocations=49 (full 0):
 garbage-first heap   total 712704K, used 484051K [0x0000000740000000, 0x0000000800000000)
  region size 2048K, 78 young (159744K), 11 survivors (22528K)
 Metaspace       used 72599K, committed 73216K, reserved 1114112K
  class space    used 10042K, committed 10304K, reserved 1048576K
}
Event: 36.820 GC heap after
{Heap after GC invocations=50 (full 0):
 garbage-first heap   total 712704K, used 378204K [0x0000000740000000, 0x0000000800000000)
  region size 2048K, 10 young (20480K), 10 survivors (20480K)
 Metaspace       used 72599K, committed 73216K, reserved 1114112K
  class space    used 10042K, committed 10304K, reserved 1048576K
}
Event: 37.331 GC heap before
{Heap before GC invocations=51 (full 0):
 garbage-first heap   total 712704K, used 531804K [0x0000000740000000, 0x0000000800000000)
  region size 2048K, 74 young (151552K), 10 survivors (20480K)
 Metaspace       used 72638K, committed 73344K, reserved 1114112K
  class space    used 10044K, committed 10304K, reserved 1048576K
}
Event: 37.387 GC heap after
{Heap after GC invocations=52 (full 0):
 garbage-first heap   total 712704K, used 447950K [0x0000000740000000, 0x0000000800000000)
  region size 2048K, 10 young (20480K), 10 survivors (20480K)
 Metaspace       used 72638K, committed 73344K, reserved 1114112K
  class space    used 10044K, committed 10304K, reserved 1048576K
}
Event: 37.423 GC heap before
{Heap before GC invocations=52 (full 0):
 garbage-first heap   total 712704K, used 462286K [0x0000000740000000, 0x0000000800000000)
  region size 2048K, 17 young (34816K), 10 survivors (20480K)
 Metaspace       used 72638K, committed 73344K, reserved 1114112K
  class space    used 10044K, committed 10304K, reserved 1048576K
}

